B<< HollowNoGo-Demo: /mnt/e/PHD work/tcg2022/Nogo-C-TCG-project/./nogo --shell --name=MyNoGo-black --black=search=zero timeout=1000000 
B<< 
B>> protocol_version
PyNNet is init
player black : use zero
PyNNet is init
player white : use random
B<< = 2
B<< 
B>> name
B<< = MyNoGo-black
B<< 
B>> version
B<< = 2022
B<< 
B>> list_commands
B<< = play
B<< genmove
B<< clear_board
B<< showboard
B<< boardsize
B<< name
B<< version
B<< protocol_version
B<< list_commands
B<< quit
B<< 
B<< 
W>> protocol_version
W<< HollowNoGo-Judge: /mnt/e/PHD work/tcg2022/Nogo-C-TCG-project/./nogo-judge --shell --name=Judge-Weak-White --white=strong 
W<< 
W<< = 2
W<< 
W>> name
W<< = TCG-Judge
W<< 
W>> version
W<< = 2022
W<< 
W>> list_commands
W<< = play
W<< genmove
W<< clear_board
W<< showboard
W<< boardsize
W<< name
W<< version
W<< protocol_version
W<< list_commands
W<< quit
W<< 
W<< 
B>> boardsize 9
B<< = 
B<< 
B>> clear_board
B<< = 
B<< 
W>> boardsize 9
W<< = 
W<< 
W>> clear_board
W<< = 
W<< 
============================================
Game 0
============================================
B>> boardsize 9
B<< = 
B<< 
B>> clear_board
B<< = 
B<< 
W>> boardsize 9
W<< = 
W<< 
W>> clear_board
W<< = 
W<< 
B>> genmove b
B<< value = 40
B<< y = 4
B<< x = 4
B<< new value = 40
B<< = E5
B<< 
W>> play B E5
W<< = 
W<< 
W>> genmove w
W<< = F9
W<< 
B>> play W F9
B<< = 
B<< 
B>> genmove b
B<< value = 32
B<< y = 3
B<< x = 5
B<< new value = 48
B<< = F4
B<< 
W>> play B F4
W<< = 
W<< 
W>> genmove w
W<< = A6
W<< 
B>> play W A6
B<< = 
B<< 
B>> genmove b
B<< value = 48
B<< y = 5
B<< x = 3
B<< new value = 32
B<< = D6
B<< 
W>> play B D6
W<< = 
W<< 
W>> genmove w
W<< = D7
W<< 
B>> play W D7
B<< = 
B<< 
B>> genmove b
B<< value = 30
B<< y = 3
B<< x = 3
B<< new value = 30
B<< = D4
B<< 
W>> play B D4
W<< = 
W<< 
W>> genmove w
W<< = G4
W<< 
B>> play W G4
B<< = 
B<< 
B>> genmove b
B<< value = 50
B<< y = 5
B<< x = 5
B<< new value = 50
B<< = F6
B<< 
W>> play B F6
W<< = 
W<< 
W>> genmove w
W<< = J6
W<< 
B>> play W J6
B<< = 
B<< 
B>> genmove b
B<< value = 63
B<< y = 7
B<< x = 0
B<< new value = 7
B<< = A8
B<< 
W>> play B A8
W<< = 
W<< 
W>> genmove w
W<< = G6
W<< 
B>> play W G6
B<< = 
B<< 
B>> genmove b
B<< value = 73
B<< y = 8
B<< x = 1
B<< new value = 17
B<< = B9
B<< 
W>> play B B9
W<< = 
W<< 
W>> genmove w
W<< = F7
W<< 
B>> play W F7
B<< = 
B<< 
B>> genmove b
B<< value = 65
B<< y = 7
B<< x = 2
B<< new value = 25
B<< = C8
B<< 
W>> play B C8
W<< = 
W<< 
W>> genmove w
W<< = C4
W<< 
B>> play W C4
B<< = 
B<< 
B>> genmove b
B<< value = 75
B<< y = 8
B<< x = 3
B<< new value = 35
B<< = D9
B<< 
W>> play B D9
W<< = 
W<< 
W>> genmove w
W<< = C1
W<< 
B>> play W C1
B<< = 
B<< 
B>> genmove b
B<< value = 55
B<< y = 6
B<< x = 1
B<< new value = 15
B<< = B7
B<< 
W>> play B B7
W<< = 
W<< 
W>> genmove w
W<< = C7
W<< 
B>> play W C7
B<< = 
B<< 
B>> genmove b
B<< value = 79
B<< y = 8
B<< x = 7
B<< new value = 71
B<< = H9
B<< 
W>> play B H9
W<< = 
W<< 
W>> genmove w
W<< = A4
W<< 
B>> play W A4
B<< = 
B<< 
B>> genmove b
B<< value = 9
B<< y = 1
B<< x = 0
B<< new value = 1
B<< = A2
B<< 
W>> play B A2
W<< = 
W<< 
W>> genmove w
W<< = D3
W<< 
B>> play W D3
B<< = 
B<< 
B>> genmove b
B<< value = 71
B<< y = 7
B<< x = 8
B<< new value = 79
B<< = J8
B<< 
W>> play B J8
W<< = 
W<< 
W>> genmove w
W<< = G1
W<< 
B>> play W G1
B<< = 
B<< 
B>> genmove b
B<< value = 69
B<< y = 7
B<< x = 6
B<< new value = 61
B<< = G8
B<< 
W>> play B G8
W<< = 
W<< 
W>> genmove w
W<< = B3
W<< 
B>> play W B3
B<< = 
B<< 
B>> genmove b
B<< value = 61
B<< y = 6
B<< x = 7
B<< new value = 69
B<< = H7
B<< 
W>> play B H7
W<< = 
W<< 
W>> genmove w
W<< = J4
W<< 
B>> play W J4
B<< = 
B<< 
B>> genmove b
B<< value = 17
B<< y = 1
B<< x = 8
B<< new value = 73
B<< = J2
B<< 
W>> play B J2
W<< = 
W<< 
W>> genmove w
W<< = F3
W<< 
B>> play W F3
B<< = 
B<< 
B>> genmove b
B<< value = 25
B<< y = 2
B<< x = 7
B<< new value = 65
B<< = H3
B<< 
W>> play B H3
W<< = 
W<< 
W>> genmove w
W<< = B2
W<< 
B>> play W B2
B<< = 
B<< 
B>> genmove b
B<< value = 7
B<< y = 0
B<< x = 7
B<< new value = 63
B<< = H1
B<< 
W>> play B H1
W<< = 
W<< 
W>> genmove w
W<< = A1
W<< 
B>> play W A1
B<< = 
B<< 
B>> genmove b
B<< value = 46
B<< y = 5
B<< x = 1
B<< new value = 14
B<< = B6
B<< 
W>> play B B6
W<< = 
W<< 
W>> genmove w
W<< = C6
W<< 
B>> play W C6
B<< = 
B<< 
B>> genmove b
B<< value = 3
B<< y = 0
B<< x = 3
B<< new value = 27
B<< = D1
B<< 
W>> play B D1
W<< = 
W<< 
W>> genmove w
W<< = H2
W<< 
B>> play W H2
B<< = 
B<< 
B>> genmove b
B<< value = 5
B<< y = 0
B<< x = 5
B<< new value = 45
B<< = F1
B<< 
W>> play B F1
W<< = 
W<< 
W>> genmove w
W<< = C2
W<< 
B>> play W C2
B<< = 
B<< 
B>> genmove b
B<< value = 34
B<< y = 3
B<< x = 7
B<< new value = 66
B<< = H4
B<< 
W>> play B H4
W<< = 
W<< 
W>> genmove w
W<< = G7
W<< 
B>> play W G7
B<< = 
B<< 
B>> genmove b
B<< value = 26
B<< y = 2
B<< x = 8
B<< new value = 74
B<< = J3
B<< 
W>> play B J3
W<< = 
W<< 
W>> genmove w
W<< = D2
W<< 
B>> play W D2
B<< = 
B<< 
B>> genmove b
B<< value = 14
B<< y = 1
B<< x = 5
B<< new value = 46
B<< = F2
B<< 
W>> play B F2
W<< = 
W<< 
W>> genmove w
W<< = F8
W<< 
B>> play W F8
B<< = 
B<< 
B>> genmove b
B<< value = 62
B<< y = 6
B<< x = 8
B<< new value = 78
B<< = J7
B<< 
W>> play B J7
W<< = 
W<< 
W>> genmove w
W<< = B4
W<< 
B>> play W B4
B<< = 
B<< 
B>> genmove b
B<< value = 54
B<< y = 6
B<< x = 0
B<< new value = 6
B<< = A7
B<< 
W>> play B A7
W<< = 
W<< 
W>> genmove w
W<< = H6
W<< 
B>> play W H6
B<< = 
B<< 
B>> genmove b
B<< value = 78
B<< y = 8
B<< x = 6
B<< new value = 62
B<< = G9
B<< 
W>> play B G9
W<< = 
W<< 
W>> genmove w
W<< = G2
W<< 
B>> play W G2
B<< = 
B<< 
B>> genmove b
B<< value = 80
B<< y = 8
B<< x = 8
B<< new value = 80
B<< = J9
B<< 
W>> play B J9
W<< = 
W<< 
W>> genmove w
W<< = J5
W<< 
B>> play W J5
B<< = 
B<< 
B>> genmove b
B<< value = 31
B<< y = 3
B<< x = 4
B<< new value = 39
B<< = E4
B<< 
W>> play B E4
W<< = 
W<< 
W>> genmove w
W<< = A5
W<< 
B>> play W A5
B<< = 
B<< 
B>> genmove b
B<< value = 74
B<< y = 8
B<< x = 2
B<< new value = 26
B<< = C9
B<< 
W>> play B C9
W<< = 
W<< 
W>> genmove w
W<< = B1
W<< 
B>> play W B1
B<< = 
B<< 
B>> genmove b
B<< value = 72
B<< y = 8
B<< x = 0
B<< new value = 8
B<< = A9
B<< 
W>> play B A9
W<< = 
W<< 
W>> genmove w
W<< = C3
W<< 
B>> play W C3
B<< = 
B<< 
B>> genmove b
B<< value = 64
B<< y = 7
B<< x = 1
B<< new value = 16
B<< = B8
B<< 
W>> play B B8
W<< = 
W<< 
W>> genmove w
W<< = resign
W<< 
============================================
Game 1
============================================
B>> boardsize 9
B<< = 
B<< 
B>> clear_board
B<< = 
B<< 
W>> boardsize 9
W<< = 
W<< 
W>> clear_board
W<< = 
W<< 
B>> genmove b
B<< value = 40
B<< y = 4
B<< x = 4
B<< new value = 40
B<< = E5
B<< 
W>> play B E5
W<< = 
W<< 
W>> genmove w
W<< = E1
W<< 
B>> play W E1
B<< = 
B<< 
B>> genmove b
B<< value = 50
B<< y = 5
B<< x = 5
B<< new value = 50
B<< = F6
B<< 
W>> play B F6
W<< = 
W<< 
W>> genmove w
W<< = B8
W<< 
B>> play W B8
B<< = 
B<< 
B>> genmove b
B<< value = 48
B<< y = 5
B<< x = 3
B<< new value = 32
B<< = D6
B<< 
W>> play B D6
W<< = 
W<< 
W>> genmove w
W<< = D5
W<< 
B>> play W D5
B<< = 
B<< 
B>> genmove b
B<< value = 32
B<< y = 3
B<< x = 5
B<< new value = 48
B<< = F4
B<< 
W>> play B F4
W<< = 
W<< 
W>> genmove w
W<< = D7
W<< 
B>> play W D7
B<< = 
B<< 
B>> genmove b
B<< value = 7
B<< y = 0
B<< x = 7
B<< new value = 63
B<< = H1
B<< 
W>> play B H1
W<< = 
W<< 
W>> genmove w
W<< = G6
W<< 
B>> play W G6
B<< = 
B<< 
B>> genmove b
B<< value = 63
B<< y = 7
B<< x = 0
B<< new value = 7
B<< = A8
B<< 
W>> play B A8
W<< = 
W<< 
W>> genmove w
W<< = A2
W<< 
B>> play W A2
B<< = 
B<< 
B>> genmove b
B<< value = 1
B<< y = 0
B<< x = 1
B<< new value = 9
B<< = B1
B<< 
W>> play B B1
W<< = 
W<< 
W>> genmove w
W<< = H3
W<< 
B>> play W H3
B<< = 
B<< 
B>> genmove b
B<< value = 17
B<< y = 1
B<< x = 8
B<< new value = 73
B<< = J2
B<< 
W>> play B J2
W<< = 
W<< 
W>> genmove w
W<< = C6
W<< 
B>> play W C6
B<< = 
B<< 
B>> genmove b
B<< value = 73
B<< y = 8
B<< x = 1
B<< new value = 17
B<< = B9
B<< 
W>> play B B9
W<< = 
W<< 
W>> genmove w
W<< = C9
W<< 
B>> play W C9
B<< = 
B<< 
B>> genmove b
B<< value = 55
B<< y = 6
B<< x = 1
B<< new value = 15
B<< = B7
B<< 
W>> play B B7
W<< = 
W<< 
W>> genmove w
W<< = A7
W<< 
B>> play W A7
B<< = 
B<< 
B>> genmove b
B<< value = 79
B<< y = 8
B<< x = 7
B<< new value = 71
B<< = H9
B<< 
W>> play B H9
W<< = 
W<< 
W>> genmove w
W<< = F8
W<< 
B>> play W F8
B<< = 
B<< 
B>> genmove b
B<< value = 71
B<< y = 7
B<< x = 8
B<< new value = 79
B<< = J8
B<< 
W>> play B J8
W<< = 
W<< 
W>> genmove w
W<< = J5
W<< 
B>> play W J5
B<< = 
B<< 
B>> genmove b
B<< value = 61
B<< y = 6
B<< x = 7
B<< new value = 69
B<< = H7
B<< 
W>> play B H7
W<< = 
W<< 
W>> genmove w
W<< = E9
W<< 
B>> play W E9
B<< = 
B<< 
B>> genmove b
B<< value = 69
B<< y = 7
B<< x = 6
B<< new value = 61
B<< = G8
B<< 
W>> play B G8
W<< = 
W<< 
W>> genmove w
W<< = G4
W<< 
B>> play W G4
B<< = 
B<< 
B>> genmove b
B<< value = 53
B<< y = 5
B<< x = 8
B<< new value = 77
B<< = J6
B<< 
W>> play B J6
W<< = 
W<< 
W>> genmove w
W<< = F3
W<< 
B>> play W F3
B<< = 
B<< 
B>> genmove b
B<< value = 15
B<< y = 1
B<< x = 6
B<< new value = 55
B<< = G2
B<< 
W>> play B G2
W<< = 
W<< 
W>> genmove w
W<< = G7
W<< 
B>> play W G7
B<< = 
B<< 
B>> genmove b
B<< value = 77
B<< y = 8
B<< x = 5
B<< new value = 53
B<< = F9
B<< 
W>> play B F9
W<< = 
W<< 
W>> genmove w
W<< = D3
W<< 
B>> play W D3
B<< = 
B<< 
B>> genmove b
B<< value = 5
B<< y = 0
B<< x = 5
B<< new value = 45
B<< = F1
B<< 
W>> play B F1
W<< = 
W<< 
W>> genmove w
W<< = A5
W<< 
B>> play W A5
B<< = 
B<< 
B>> genmove b
B<< value = 66
B<< y = 7
B<< x = 3
B<< new value = 34
B<< = D8
B<< 
W>> play B D8
W<< = 
W<< 
W>> genmove w
W<< = B3
W<< 
B>> play W B3
B<< = 
B<< 
B>> genmove b
B<< value = 34
B<< y = 3
B<< x = 7
B<< new value = 66
B<< = H4
B<< 
W>> play B H4
W<< = 
W<< 
W>> genmove w
W<< = B6
W<< 
B>> play W B6
B<< = 
B<< 
B>> genmove b
B<< value = 26
B<< y = 2
B<< x = 8
B<< new value = 74
B<< = J3
B<< 
W>> play B J3
W<< = 
W<< 
W>> genmove w
W<< = E4
W<< 
B>> play W E4
B<< = 
B<< 
B>> genmove b
B<< value = 27
B<< y = 3
B<< x = 0
B<< new value = 3
B<< = A4
B<< 
W>> play B A4
W<< = 
W<< 
W>> genmove w
W<< = C4
W<< 
B>> play W C4
B<< = 
B<< 
B>> genmove b
B<< value = 11
B<< y = 1
B<< x = 2
B<< new value = 19
B<< = C2
B<< 
W>> play B C2
W<< = 
W<< 
W>> genmove w
W<< = F2
W<< 
B>> play W F2
B<< = 
B<< 
B>> genmove b
B<< value = 16
B<< y = 1
B<< x = 7
B<< new value = 64
B<< = H2
B<< 
W>> play B H2
W<< = 
W<< 
W>> genmove w
W<< = D2
W<< 
B>> play W D2
B<< = 
B<< 
B>> genmove b
B<< value = 10
B<< y = 1
B<< x = 1
B<< new value = 10
B<< = B2
B<< 
W>> play B B2
W<< = 
W<< 
W>> genmove w
W<< = D9
W<< 
B>> play W D9
B<< = 
B<< 
B>> genmove b
B<< value = 18
B<< y = 2
B<< x = 0
B<< new value = 2
B<< = A3
B<< 
W>> play B A3
W<< = 
W<< 
W>> genmove w
W<< = C1
W<< 
B>> play W C1
B<< = 
B<< 
B>> genmove b
B<< value = 6
B<< y = 0
B<< x = 6
B<< new value = 54
B<< = G1
B<< 
W>> play B G1
W<< = 
W<< 
W>> genmove w
W<< = D4
W<< 
B>> play W D4
B<< = 
B<< 
B>> genmove b
B<< value = 8
B<< y = 0
B<< x = 8
B<< new value = 72
B<< = J1
B<< 
W>> play B J1
W<< = 
W<< 
W>> genmove w
W<< = F7
W<< 
B>> play W F7
B<< = 
B<< 
B>> genmove b
B<< value = 70
B<< y = 7
B<< x = 7
B<< new value = 70
B<< = H8
B<< 
W>> play B H8
W<< = 
W<< 
W>> genmove w
W<< = A6
W<< 
B>> play W A6
B<< = 
B<< 
B>> genmove b
B<< value = 62
B<< y = 6
B<< x = 8
B<< new value = 78
B<< = J7
B<< 
W>> play B J7
W<< = 
W<< 
W>> genmove w
W<< = D1
W<< 
B>> play W D1
B<< = 
B<< 
B>> genmove b
B<< value = 78
B<< y = 8
B<< x = 6
B<< new value = 62
B<< = G9
B<< 
W>> play B G9
W<< = 
W<< 
W>> genmove w
W<< = C3
W<< 
B>> play W C3
B<< = 
B<< 
B>> genmove b
B<< value = 49
B<< y = 5
B<< x = 4
B<< new value = 41
B<< = E6
B<< 
W>> play B E6
W<< = 
W<< 
W>> genmove w
W<< = resign
W<< 
============================================
Game 2
============================================
B>> boardsize 9
B<< = 
B<< 
B>> clear_board
B<< = 
B<< 
W>> boardsize 9
W<< = 
W<< 
W>> clear_board
W<< = 
W<< 
B>> genmove b
B<< value = 40
B<< y = 4
B<< x = 4
B<< new value = 40
B<< = E5
B<< 
W>> play B E5
W<< = 
W<< 
W>> genmove w
W<< = A1
W<< 
B>> play W A1
B<< = 
B<< 
B>> genmove b
B<< value = 50
B<< y = 5
B<< x = 5
B<< new value = 50
B<< = F6
B<< 
W>> play B F6
W<< = 
W<< 
W>> genmove w
W<< = J5
W<< 
B>> play W J5
B<< = 
B<< 
B>> genmove b
B<< value = 30
B<< y = 3
B<< x = 3
B<< new value = 30
B<< = D4
B<< 
W>> play B D4
W<< = 
W<< 
W>> genmove w
W<< = G7
W<< 
B>> play W G7
B<< = 
B<< 
B>> genmove b
B<< value = 17
B<< y = 1
B<< x = 8
B<< new value = 73
B<< = J2
B<< 
W>> play B J2
W<< = 
W<< 
W>> genmove w
W<< = F5
W<< 
B>> play W F5
B<< = 
B<< 
B>> genmove b
B<< value = 48
B<< y = 5
B<< x = 3
B<< new value = 32
B<< = D6
B<< 
W>> play B D6
W<< = 
W<< 
W>> genmove w
W<< = J1
W<< 
B>> play W J1
B<< = 
B<< 
B>> genmove b
B<< value = 25
B<< y = 2
B<< x = 7
B<< new value = 65
B<< = H3
B<< 
W>> play B H3
W<< = 
W<< 
W>> genmove w
W<< = A7
W<< 
B>> play W A7
B<< = 
B<< 
B>> genmove b
B<< value = 73
B<< y = 8
B<< x = 1
B<< new value = 17
B<< = B9
B<< 
W>> play B B9
W<< = 
W<< 
W>> genmove w
W<< = D8
W<< 
B>> play W D8
B<< = 
B<< 
B>> genmove b
B<< value = 71
B<< y = 7
B<< x = 8
B<< new value = 79
B<< = J8
B<< 
W>> play B J8
W<< = 
W<< 
W>> genmove w
W<< = J9
W<< 
B>> play W J9
B<< = 
B<< 
B>> genmove b
B<< value = 65
B<< y = 7
B<< x = 2
B<< new value = 25
B<< = C8
B<< 
W>> play B C8
W<< = 
W<< 
W>> genmove w
W<< = A4
W<< 
B>> play W A4
B<< = 
B<< 
B>> genmove b
B<< value = 63
B<< y = 7
B<< x = 0
B<< new value = 7
B<< = A8
B<< 
W>> play B A8
W<< = 
W<< 
W>> genmove w
W<< = C6
W<< 
B>> play W C6
B<< = 
B<< 
B>> genmove b
B<< value = 75
B<< y = 8
B<< x = 3
B<< new value = 35
B<< = D9
B<< 
W>> play B D9
W<< = 
W<< 
W>> genmove w
W<< = E1
W<< 
B>> play W E1
B<< = 
B<< 
B>> genmove b
B<< value = 68
B<< y = 7
B<< x = 5
B<< new value = 52
B<< = F8
B<< 
W>> play B F8
W<< = 
W<< 
W>> genmove w
W<< = E9
W<< 
B>> play W E9
B<< = 
B<< 
B>> genmove b
B<< value = 55
B<< y = 6
B<< x = 1
B<< new value = 15
B<< = B7
B<< 
W>> play B B7
W<< = 
W<< 
W>> genmove w
W<< = D3
W<< 
B>> play W D3
B<< = 
B<< 
B>> genmove b
B<< value = 15
B<< y = 1
B<< x = 6
B<< new value = 55
B<< = G2
B<< 
W>> play B G2
W<< = 
W<< 
W>> genmove w
W<< = C4
W<< 
B>> play W C4
B<< = 
B<< 
B>> genmove b
B<< value = 23
B<< y = 2
B<< x = 5
B<< new value = 47
B<< = F3
B<< 
W>> play B F3
W<< = 
W<< 
W>> genmove w
W<< = J3
W<< 
B>> play W J3
B<< = 
B<< 
B>> genmove b
B<< value = 33
B<< y = 3
B<< x = 6
B<< new value = 57
B<< = G4
B<< 
W>> play B G4
W<< = 
W<< 
W>> genmove w
W<< = B3
W<< 
B>> play W B3
B<< = 
B<< 
B>> genmove b
B<< value = 52
B<< y = 5
B<< x = 7
B<< new value = 68
B<< = H6
B<< 
W>> play B H6
W<< = 
W<< 
W>> genmove w
W<< = C2
W<< 
B>> play W C2
B<< = 
B<< 
B>> genmove b
B<< value = 5
B<< y = 0
B<< x = 5
B<< new value = 45
B<< = F1
B<< 
W>> play B F1
W<< = 
W<< 
W>> genmove w
W<< = B6
W<< 
B>> play W B6
B<< = 
B<< 
B>> genmove b
B<< value = 12
B<< y = 1
B<< x = 3
B<< new value = 28
B<< = D2
B<< 
W>> play B D2
W<< = 
W<< 
W>> genmove w
W<< = C7
W<< 
B>> play W C7
B<< = 
B<< 
B>> genmove b
B<< value = 36
B<< y = 4
B<< x = 0
B<< new value = 4
B<< = A5
B<< 
W>> play B A5
W<< = 
W<< 
W>> genmove w
W<< = C1
W<< 
B>> play W C1
B<< = 
B<< 
B>> genmove b
B<< value = 9
B<< y = 1
B<< x = 0
B<< new value = 1
B<< = A2
B<< 
W>> play B A2
W<< = 
W<< 
W>> genmove w
W<< = B2
W<< 
B>> play W B2
B<< = 
B<< 
B>> genmove b
B<< value = 78
B<< y = 8
B<< x = 6
B<< new value = 62
B<< = G9
B<< 
W>> play B G9
W<< = 
W<< 
W>> genmove w
W<< = F7
W<< 
B>> play W F7
B<< = 
B<< 
B>> genmove b
B<< value = 70
B<< y = 7
B<< x = 7
B<< new value = 70
B<< = H8
B<< 
W>> play B H8
W<< = 
W<< 
W>> genmove w
W<< = G6
W<< 
B>> play W G6
B<< = 
B<< 
B>> genmove b
B<< value = 62
B<< y = 6
B<< x = 8
B<< new value = 78
B<< = J7
B<< 
W>> play B J7
W<< = 
W<< 
W>> genmove w
W<< = E4
W<< 
B>> play W E4
B<< = 
B<< 
B>> genmove b
B<< value = 6
B<< y = 0
B<< x = 6
B<< new value = 54
B<< = G1
B<< 
W>> play B G1
W<< = 
W<< 
W>> genmove w
W<< = H4
W<< 
B>> play W H4
B<< = 
B<< 
B>> genmove b
B<< value = 16
B<< y = 1
B<< x = 7
B<< new value = 64
B<< = H2
B<< 
W>> play B H2
W<< = 
W<< 
W>> genmove w
W<< = G8
W<< 
B>> play W G8
B<< = 
B<< 
B>> genmove b
B<< value = 53
B<< y = 5
B<< x = 8
B<< new value = 77
B<< = J6
B<< 
W>> play B J6
W<< = 
W<< 
W>> genmove w
W<< = B1
W<< 
B>> play W B1
B<< = 
B<< 
B>> genmove b
B<< value = 14
B<< y = 1
B<< x = 5
B<< new value = 46
B<< = F2
B<< 
W>> play B F2
W<< = 
W<< 
W>> genmove w
W<< = D7
W<< 
B>> play W D7
B<< = 
B<< 
B>> genmove b
B<< value = 24
B<< y = 2
B<< x = 6
B<< new value = 56
B<< = G3
B<< 
W>> play B G3
W<< = 
W<< 
W>> genmove w
W<< = C3
W<< 
B>> play W C3
B<< = 
B<< 
B>> genmove b
B<< value = 72
B<< y = 8
B<< x = 0
B<< new value = 8
B<< = A9
B<< 
W>> play B A9
W<< = 
W<< 
W>> genmove w
W<< = B4
W<< 
B>> play W B4
B<< = 
B<< 
B>> genmove b
B<< value = 49
B<< y = 5
B<< x = 4
B<< new value = 41
B<< = E6
B<< 
W>> play B E6
W<< = 
W<< 
W>> genmove w
W<< = resign
W<< 
============================================
Game 3
============================================
B>> boardsize 9
B<< = 
B<< 
B>> clear_board
B<< = 
B<< 
W>> boardsize 9
W<< = 
W<< 
W>> clear_board
W<< = 
W<< 
B>> genmove b
B<< value = 40
B<< y = 4
B<< x = 4
B<< new value = 40
B<< = E5
B<< 
W>> play B E5
W<< = 
W<< 
W>> genmove w
W<< = F7
W<< 
B>> play W F7
B<< = 
B<< 
B>> genmove b
B<< value = 32
B<< y = 3
B<< x = 5
B<< new value = 48
B<< = F4
B<< 
W>> play B F4
W<< = 
W<< 
W>> genmove w
W<< = F9
W<< 
B>> play W F9
B<< = 
B<< 
B>> genmove b
B<< value = 48
B<< y = 5
B<< x = 3
B<< new value = 32
B<< = D6
B<< 
W>> play B D6
W<< = 
W<< 
W>> genmove w
W<< = J5
W<< 
B>> play W J5
B<< = 
B<< 
B>> genmove b
B<< value = 30
B<< y = 3
B<< x = 3
B<< new value = 30
B<< = D4
B<< 
W>> play B D4
W<< = 
W<< 
W>> genmove w
W<< = D1
W<< 
B>> play W D1
B<< = 
B<< 
B>> genmove b
B<< value = 50
B<< y = 5
B<< x = 5
B<< new value = 50
B<< = F6
B<< 
W>> play B F6
W<< = 
W<< 
W>> genmove w
W<< = F2
W<< 
B>> play W F2
B<< = 
B<< 
B>> genmove b
B<< value = 71
B<< y = 7
B<< x = 8
B<< new value = 79
B<< = J8
B<< 
W>> play B J8
W<< = 
W<< 
W>> genmove w
W<< = A5
W<< 
B>> play W A5
B<< = 
B<< 
B>> genmove b
B<< value = 79
B<< y = 8
B<< x = 7
B<< new value = 71
B<< = H9
B<< 
W>> play B H9
W<< = 
W<< 
W>> genmove w
W<< = G6
W<< 
B>> play W G6
B<< = 
B<< 
B>> genmove b
B<< value = 69
B<< y = 7
B<< x = 6
B<< new value = 61
B<< = G8
B<< 
W>> play B G8
W<< = 
W<< 
W>> genmove w
W<< = D9
W<< 
B>> play W D9
B<< = 
B<< 
B>> genmove b
B<< value = 61
B<< y = 6
B<< x = 7
B<< new value = 69
B<< = H7
B<< 
W>> play B H7
W<< = 
W<< 
W>> genmove w
W<< = D7
W<< 
B>> play W D7
B<< = 
B<< 
B>> genmove b
B<< value = 53
B<< y = 5
B<< x = 8
B<< new value = 77
B<< = J6
B<< 
W>> play B J6
W<< = 
W<< 
W>> genmove w
W<< = C8
W<< 
B>> play W C8
B<< = 
B<< 
B>> genmove b
B<< value = 73
B<< y = 8
B<< x = 1
B<< new value = 17
B<< = B9
B<< 
W>> play B B9
W<< = 
W<< 
W>> genmove w
W<< = A8
W<< 
B>> play W A8
B<< = 
B<< 
B>> genmove b
B<< value = 9
B<< y = 1
B<< x = 0
B<< new value = 1
B<< = A2
B<< 
W>> play B A2
W<< = 
W<< 
W>> genmove w
W<< = G1
W<< 
B>> play W G1
B<< = 
B<< 
B>> genmove b
B<< value = 17
B<< y = 1
B<< x = 8
B<< new value = 73
B<< = J2
B<< 
W>> play B J2
W<< = 
W<< 
W>> genmove w
W<< = B7
W<< 
B>> play W B7
B<< = 
B<< 
B>> genmove b
B<< value = 1
B<< y = 0
B<< x = 1
B<< new value = 9
B<< = B1
B<< 
W>> play B B1
W<< = 
W<< 
W>> genmove w
W<< = C6
W<< 
B>> play W C6
B<< = 
B<< 
B>> genmove b
B<< value = 25
B<< y = 2
B<< x = 7
B<< new value = 65
B<< = H3
B<< 
W>> play B H3
W<< = 
W<< 
W>> genmove w
W<< = C4
W<< 
B>> play W C4
B<< = 
B<< 
B>> genmove b
B<< value = 11
B<< y = 1
B<< x = 2
B<< new value = 19
B<< = C2
B<< 
W>> play B C2
W<< = 
W<< 
W>> genmove w
W<< = A6
W<< 
B>> play W A6
B<< = 
B<< 
B>> genmove b
B<< value = 19
B<< y = 2
B<< x = 1
B<< new value = 11
B<< = B3
B<< 
W>> play B B3
W<< = 
W<< 
W>> genmove w
W<< = J1
W<< 
B>> play W J1
B<< = 
B<< 
B>> genmove b
B<< value = 27
B<< y = 3
B<< x = 0
B<< new value = 3
B<< = A4
B<< 
W>> play B A4
W<< = 
W<< 
W>> genmove w
W<< = E1
W<< 
B>> play W E1
B<< = 
B<< 
B>> genmove b
B<< value = 21
B<< y = 2
B<< x = 3
B<< new value = 29
B<< = D3
B<< 
W>> play B D3
W<< = 
W<< 
W>> genmove w
W<< = H2
W<< 
B>> play W H2
B<< = 
B<< 
B>> genmove b
B<< value = 34
B<< y = 3
B<< x = 7
B<< new value = 66
B<< = H4
B<< 
W>> play B H4
W<< = 
W<< 
W>> genmove w
W<< = G4
W<< 
B>> play W G4
B<< = 
B<< 
B>> genmove b
B<< value = 15
B<< y = 1
B<< x = 6
B<< new value = 55
B<< = G2
B<< 
W>> play B G2
W<< = 
W<< 
W>> genmove w
W<< = J4
W<< 
B>> play W J4
B<< = 
B<< 
B>> genmove b
B<< value = 64
B<< y = 7
B<< x = 1
B<< new value = 16
B<< = B8
B<< 
W>> play B B8
W<< = 
W<< 
W>> genmove w
W<< = F3
W<< 
B>> play W F3
B<< = 
B<< 
B>> genmove b
B<< value = 72
B<< y = 8
B<< x = 0
B<< new value = 8
B<< = A9
B<< 
W>> play B A9
W<< = 
W<< 
W>> genmove w
W<< = G7
W<< 
B>> play W G7
B<< = 
B<< 
B>> genmove b
B<< value = 78
B<< y = 8
B<< x = 6
B<< new value = 62
B<< = G9
B<< 
W>> play B G9
W<< = 
W<< 
W>> genmove w
W<< = H6
W<< 
B>> play W H6
B<< = 
B<< 
B>> genmove b
B<< value = 12
B<< y = 1
B<< x = 3
B<< new value = 28
B<< = D2
B<< 
W>> play B D2
W<< = 
W<< 
W>> genmove w
W<< = A7
W<< 
B>> play W A7
B<< = 
B<< 
B>> genmove b
B<< value = 10
B<< y = 1
B<< x = 1
B<< new value = 10
B<< = B2
B<< 
W>> play B B2
W<< = 
W<< 
W>> genmove w
W<< = E9
W<< 
B>> play W E9
B<< = 
B<< 
B>> genmove b
B<< value = 70
B<< y = 7
B<< x = 7
B<< new value = 70
B<< = H8
B<< 
W>> play B H8
W<< = 
W<< 
W>> genmove w
W<< = D8
W<< 
B>> play W D8
B<< = 
B<< 
B>> genmove b
B<< value = 28
B<< y = 3
B<< x = 1
B<< new value = 12
B<< = B4
B<< 
W>> play B B4
W<< = 
W<< 
W>> genmove w
W<< = C1
W<< 
B>> play W C1
B<< = 
B<< 
B>> genmove b
B<< value = 18
B<< y = 2
B<< x = 0
B<< new value = 2
B<< = A3
B<< 
W>> play B A3
W<< = 
W<< 
W>> genmove w
W<< = B6
W<< 
B>> play W B6
B<< = 
B<< 
B>> genmove b
B<< value = 0
B<< y = 0
B<< x = 0
B<< new value = 0
B<< = A1
B<< 
W>> play B A1
W<< = 
W<< 
W>> genmove w
W<< = F1
W<< 
B>> play W F1
B<< = 
B<< 
B>> genmove b
B<< value = 31
B<< y = 3
B<< x = 4
B<< new value = 39
B<< = E4
B<< 
W>> play B E4
W<< = 
W<< 
W>> genmove w
W<< = C7
W<< 
B>> play W C7
B<< = 
B<< 
B>> genmove b
B<< value = 39
B<< y = 4
B<< x = 3
B<< new value = 31
B<< = D5
B<< 
W>> play B D5
W<< = 
W<< 
W>> genmove w
W<< = F8
W<< 
B>> play W F8
B<< = 
B<< 
B>> genmove b
B<< value = 41
B<< y = 4
B<< x = 5
B<< new value = 49
B<< = F5
B<< 
W>> play B F5
W<< = 
W<< 
W>> genmove w
W<< = H1
W<< 
B>> play W H1
B<< = 
B<< 
B>> genmove b
B<< value = 62
B<< y = 6
B<< x = 8
B<< new value = 78
B<< = J7
B<< 
W>> play B J7
W<< = 
W<< 
W>> genmove w
W<< = resign
W<< 
============================================
Game 4
============================================
B>> boardsize 9
B<< = 
B<< 
B>> clear_board
B<< = 
B<< 
W>> boardsize 9
W<< = 
W<< 
W>> clear_board
W<< = 
W<< 
B>> genmove b
B<< value = 40
B<< y = 4
B<< x = 4
B<< new value = 40
B<< = E5
B<< 
W>> play B E5
W<< = 
W<< 
W>> genmove w
W<< = F7
W<< 
B>> play W F7
B<< = 
B<< 
B>> genmove b
B<< value = 32
B<< y = 3
B<< x = 5
B<< new value = 48
B<< = F4
B<< 
W>> play B F4
W<< = 
W<< 
W>> genmove w
W<< = C1
W<< 
B>> play W C1
B<< = 
B<< 
B>> genmove b
B<< value = 30
B<< y = 3
B<< x = 3
B<< new value = 30
B<< = D4
B<< 
W>> play B D4
W<< = 
W<< 
W>> genmove w
W<< = F5
W<< 
B>> play W F5
B<< = 
B<< 
B>> genmove b
B<< value = 48
B<< y = 5
B<< x = 3
B<< new value = 32
B<< = D6
B<< 
W>> play B D6
W<< = 
W<< 
W>> genmove w
W<< = E1
W<< 
B>> play W E1
B<< = 
B<< 
B>> genmove b
B<< value = 1
B<< y = 0
B<< x = 1
B<< new value = 9
B<< = B1
B<< 
W>> play B B1
W<< = 
W<< 
W>> genmove w
W<< = D9
W<< 
B>> play W D9
B<< = 
B<< 
B>> genmove b
B<< value = 9
B<< y = 1
B<< x = 0
B<< new value = 1
B<< = A2
B<< 
W>> play B A2
W<< = 
W<< 
W>> genmove w
W<< = J5
W<< 
B>> play W J5
B<< = 
B<< 
B>> genmove b
B<< value = 19
B<< y = 2
B<< x = 1
B<< new value = 11
B<< = B3
B<< 
W>> play B B3
W<< = 
W<< 
W>> genmove w
W<< = C4
W<< 
B>> play W C4
B<< = 
B<< 
B>> genmove b
B<< value = 27
B<< y = 3
B<< x = 0
B<< new value = 3
B<< = A4
B<< 
W>> play B A4
W<< = 
W<< 
W>> genmove w
W<< = D3
W<< 
B>> play W D3
B<< = 
B<< 
B>> genmove b
B<< value = 71
B<< y = 7
B<< x = 8
B<< new value = 79
B<< = J8
B<< 
W>> play B J8
W<< = 
W<< 
W>> genmove w
W<< = A6
W<< 
B>> play W A6
B<< = 
B<< 
B>> genmove b
B<< value = 46
B<< y = 5
B<< x = 1
B<< new value = 14
B<< = B6
B<< 
W>> play B B6
W<< = 
W<< 
W>> genmove w
W<< = F9
W<< 
B>> play W F9
B<< = 
B<< 
B>> genmove b
B<< value = 79
B<< y = 8
B<< x = 7
B<< new value = 71
B<< = H9
B<< 
W>> play B H9
W<< = 
W<< 
W>> genmove w
W<< = C6
W<< 
B>> play W C6
B<< = 
B<< 
B>> genmove b
B<< value = 61
B<< y = 6
B<< x = 7
B<< new value = 69
B<< = H7
B<< 
W>> play B H7
W<< = 
W<< 
W>> genmove w
W<< = H8
W<< 
B>> play W H8
B<< = 
B<< 
B>> genmove b
B<< value = 11
B<< y = 1
B<< x = 2
B<< new value = 19
B<< = C2
B<< 
W>> play B C2
W<< = 
W<< 
W>> genmove w
W<< = B9
W<< 
B>> play W B9
B<< = 
B<< 
B>> genmove b
B<< value = 63
B<< y = 7
B<< x = 0
B<< new value = 7
B<< = A8
B<< 
W>> play B A8
W<< = 
W<< 
W>> genmove w
W<< = F3
W<< 
B>> play W F3
B<< = 
B<< 
B>> genmove b
B<< value = 17
B<< y = 1
B<< x = 8
B<< new value = 73
B<< = J2
B<< 
W>> play B J2
W<< = 
W<< 
W>> genmove w
W<< = A5
W<< 
B>> play W A5
B<< = 
B<< 
B>> genmove b
B<< value = 7
B<< y = 0
B<< x = 7
B<< new value = 63
B<< = H1
B<< 
W>> play B H1
W<< = 
W<< 
W>> genmove w
W<< = C8
W<< 
B>> play W C8
B<< = 
B<< 
B>> genmove b
B<< value = 66
B<< y = 7
B<< x = 3
B<< new value = 34
B<< = D8
B<< 
W>> play B D8
W<< = 
W<< 
W>> genmove w
W<< = G1
W<< 
B>> play W G1
B<< = 
B<< 
B>> genmove b
B<< value = 25
B<< y = 2
B<< x = 7
B<< new value = 65
B<< = H3
B<< 
W>> play B H3
W<< = 
W<< 
W>> genmove w
W<< = H2
W<< 
B>> play W H2
B<< = 
B<< 
B>> genmove b
B<< value = 68
B<< y = 7
B<< x = 5
B<< new value = 52
B<< = F8
B<< 
W>> play B F8
W<< = 
W<< 
W>> genmove w
W<< = J7
W<< 
B>> play W J7
B<< = 
B<< 
B>> genmove b
B<< value = 51
B<< y = 5
B<< x = 6
B<< new value = 59
B<< = G6
B<< 
W>> play B G6
W<< = 
W<< 
W>> genmove w
W<< = J3
W<< 
B>> play W J3
B<< = 
B<< 
B>> genmove b
B<< value = 5
B<< y = 0
B<< x = 5
B<< new value = 45
B<< = F1
B<< 
W>> play B F1
W<< = 
W<< 
W>> genmove w
W<< = B4
W<< 
B>> play W B4
B<< = 
B<< 
B>> genmove b
B<< value = 64
B<< y = 7
B<< x = 1
B<< new value = 16
B<< = B8
B<< 
W>> play B B8
W<< = 
W<< 
W>> genmove w
W<< = G4
W<< 
B>> play W G4
B<< = 
B<< 
B>> genmove b
B<< value = 78
B<< y = 8
B<< x = 6
B<< new value = 62
B<< = G9
B<< 
W>> play B G9
W<< = 
W<< 
W>> genmove w
W<< = C3
W<< 
B>> play W C3
B<< = 
B<< 
B>> genmove b
B<< value = 72
B<< y = 8
B<< x = 0
B<< new value = 8
B<< = A9
B<< 
W>> play B A9
W<< = 
W<< 
W>> genmove w
W<< = A7
W<< 
B>> play W A7
B<< = 
B<< 
B>> genmove b
B<< value = 49
B<< y = 5
B<< x = 4
B<< new value = 41
B<< = E6
B<< 
W>> play B E6
W<< = 
W<< 
W>> genmove w
W<< = F6
W<< 
B>> play W F6
B<< = 
B<< 
B>> genmove b
B<< value = 57
B<< y = 6
B<< x = 3
B<< new value = 33
B<< = D7
B<< 
W>> play B D7
W<< = 
W<< 
W>> genmove w
W<< = D2
W<< 
B>> play W D2
B<< = 
B<< 
B>> genmove b
B<< value = 14
B<< y = 1
B<< x = 5
B<< new value = 46
B<< = F2
B<< 
W>> play B F2
W<< = 
W<< 
W>> genmove w
W<< = H4
W<< 
B>> play W H4
B<< = 
B<< 
B>> genmove b
B<< value = 52
B<< y = 5
B<< x = 7
B<< new value = 68
B<< = H6
B<< 
W>> play B H6
W<< = 
W<< 
W>> genmove w
W<< = C7
W<< 
B>> play W C7
B<< = 
B<< 
B>> genmove b
B<< value = 80
B<< y = 8
B<< x = 8
B<< new value = 80
B<< = J9
B<< 
W>> play B J9
W<< = 
W<< 
W>> genmove w
W<< = E9
W<< 
B>> play W E9
B<< = 
B<< 
B>> genmove b
B<< value = 0
B<< y = 0
B<< x = 0
B<< new value = 0
B<< = A1
B<< 
W>> play B A1
W<< = 
W<< 
W>> genmove w
W<< = J4
W<< 
B>> play W J4
B<< = 
B<< 
B>> genmove b
B<< value = 18
B<< y = 2
B<< x = 0
B<< new value = 2
B<< = A3
B<< 
W>> play B A3
W<< = 
W<< 
W>> genmove w
W<< = C9
W<< 
B>> play W C9
B<< = 
B<< 
B>> genmove b
B<< value = 31
B<< y = 3
B<< x = 4
B<< new value = 39
B<< = E4
B<< 
W>> play B E4
W<< = 
W<< 
W>> genmove w
W<< = J6
W<< 
B>> play W J6
B<< = 
B<< 
B>> genmove b
B<< value = 72
B<< y = 8
B<< x = 0
B<< new value = 8
B<< = resign
B<< 
============================================
Game 5
============================================
B>> boardsize 9
B<< = 
B<< 
B>> clear_board
B<< = 
B<< 
W>> boardsize 9
W<< = 
W<< 
W>> clear_board
W<< = 
W<< 
B>> genmove b
B<< value = 40
B<< y = 4
B<< x = 4
B<< new value = 40
B<< = E5
B<< 
W>> play B E5
W<< = 
W<< 
W>> genmove w
W<< = A9
W<< 
B>> play W A9
B<< = 
B<< 
B>> genmove b
B<< value = 32
B<< y = 3
B<< x = 5
B<< new value = 48
B<< = F4
B<< 
W>> play B F4
W<< = 
W<< 
W>> genmove w
W<< = J5
W<< 
B>> play W J5
B<< = 
B<< 
B>> genmove b
B<< value = 48
B<< y = 5
B<< x = 3
B<< new value = 32
B<< = D6
B<< 
W>> play B D6
W<< = 
W<< 
W>> genmove w
W<< = H1
W<< 
B>> play W H1
B<< = 
B<< 
B>> genmove b
B<< value = 71
B<< y = 7
B<< x = 8
B<< new value = 79
B<< = J8
B<< 
W>> play B J8
W<< = 
W<< 
W>> genmove w
W<< = E1
W<< 
B>> play W E1
B<< = 
B<< 
B>> genmove b
B<< value = 1
B<< y = 0
B<< x = 1
B<< new value = 9
B<< = B1
B<< 
W>> play B B1
W<< = 
W<< 
W>> genmove w
W<< = F6
W<< 
B>> play W F6
B<< = 
B<< 
B>> genmove b
B<< value = 30
B<< y = 3
B<< x = 3
B<< new value = 30
B<< = D4
B<< 
W>> play B D4
W<< = 
W<< 
W>> genmove w
W<< = A2
W<< 
B>> play W A2
B<< = 
B<< 
B>> genmove b
B<< value = 17
B<< y = 1
B<< x = 8
B<< new value = 73
B<< = J2
B<< 
W>> play B J2
W<< = 
W<< 
W>> genmove w
W<< = D3
W<< 
B>> play W D3
B<< = 
B<< 
B>> genmove b
B<< value = 11
B<< y = 1
B<< x = 2
B<< new value = 19
B<< = C2
B<< 
W>> play B C2
W<< = 
W<< 
W>> genmove w
W<< = A4
W<< 
B>> play W A4
B<< = 
B<< 
B>> genmove b
B<< value = 19
B<< y = 2
B<< x = 1
B<< new value = 11
B<< = B3
B<< 
W>> play B B3
W<< = 
W<< 
W>> genmove w
W<< = C6
W<< 
B>> play W C6
B<< = 
B<< 
B>> genmove b
B<< value = 3
B<< y = 0
B<< x = 3
B<< new value = 27
B<< = D1
B<< 
W>> play B D1
W<< = 
W<< 
W>> genmove w
W<< = A6
W<< 
B>> play W A6
B<< = 
B<< 
B>> genmove b
B<< value = 79
B<< y = 8
B<< x = 7
B<< new value = 71
B<< = H9
B<< 
W>> play B H9
W<< = 
W<< 
W>> genmove w
W<< = A1
W<< 
B>> play W A1
B<< = 
B<< 
B>> genmove b
B<< value = 73
B<< y = 8
B<< x = 1
B<< new value = 17
B<< = B9
B<< 
W>> play B B9
W<< = 
W<< 
W>> genmove w
W<< = B7
W<< 
B>> play W B7
B<< = 
B<< 
B>> genmove b
B<< value = 14
B<< y = 1
B<< x = 5
B<< new value = 46
B<< = F2
B<< 
W>> play B F2
W<< = 
W<< 
W>> genmove w
W<< = F3
W<< 
B>> play W F3
B<< = 
B<< 
B>> genmove b
B<< value = 28
B<< y = 3
B<< x = 1
B<< new value = 12
B<< = B4
B<< 
W>> play B B4
W<< = 
W<< 
W>> genmove w
W<< = G9
W<< 
B>> play W G9
B<< = 
B<< 
B>> genmove b
B<< value = 61
B<< y = 6
B<< x = 7
B<< new value = 69
B<< = H7
B<< 
W>> play B H7
W<< = 
W<< 
W>> genmove w
W<< = C4
W<< 
B>> play W C4
B<< = 
B<< 
B>> genmove b
B<< value = 51
B<< y = 5
B<< x = 6
B<< new value = 59
B<< = G6
B<< 
W>> play B G6
W<< = 
W<< 
W>> genmove w
W<< = J7
W<< 
B>> play W J7
B<< = 
B<< 
B>> genmove b
B<< value = 18
B<< y = 2
B<< x = 0
B<< new value = 2
B<< = A3
B<< 
W>> play B A3
W<< = 
W<< 
W>> genmove w
W<< = H8
W<< 
B>> play W H8
B<< = 
B<< 
B>> genmove b
B<< value = 59
B<< y = 6
B<< x = 5
B<< new value = 51
B<< = F7
B<< 
W>> play B F7
W<< = 
W<< 
W>> genmove w
W<< = F9
W<< 
B>> play W F9
B<< = 
B<< 
B>> genmove b
B<< value = 25
B<< y = 2
B<< x = 7
B<< new value = 65
B<< = H3
B<< 
W>> play B H3
W<< = 
W<< 
W>> genmove w
W<< = D9
W<< 
B>> play W D9
B<< = 
B<< 
B>> genmove b
B<< value = 66
B<< y = 7
B<< x = 3
B<< new value = 34
B<< = D8
B<< 
W>> play B D8
W<< = 
W<< 
W>> genmove w
W<< = J3
W<< 
B>> play W J3
B<< = 
B<< 
B>> genmove b
B<< value = 54
B<< y = 6
B<< x = 0
B<< new value = 6
B<< = A7
B<< 
W>> play B A7
W<< = 
W<< 
W>> genmove w
W<< = H4
W<< 
B>> play W H4
B<< = 
B<< 
B>> genmove b
B<< value = 6
B<< y = 0
B<< x = 6
B<< new value = 54
B<< = G1
B<< 
W>> play B G1
W<< = 
W<< 
W>> genmove w
W<< = D7
W<< 
B>> play W D7
B<< = 
B<< 
B>> genmove b
B<< value = 74
B<< y = 8
B<< x = 2
B<< new value = 26
B<< = C9
B<< 
W>> play B C9
W<< = 
W<< 
W>> genmove w
W<< = B8
W<< 
B>> play W B8
B<< = 
B<< 
B>> genmove b
B<< value = 68
B<< y = 7
B<< x = 5
B<< new value = 52
B<< = F8
B<< 
W>> play B F8
W<< = 
W<< 
W>> genmove w
W<< = H2
W<< 
B>> play W H2
B<< = 
B<< 
B>> genmove b
B<< value = 33
B<< y = 3
B<< x = 6
B<< new value = 57
B<< = G4
B<< 
W>> play B G4
W<< = 
W<< 
W>> genmove w
W<< = E6
W<< 
B>> play W E6
B<< = 
B<< 
B>> genmove b
B<< value = 15
B<< y = 1
B<< x = 6
B<< new value = 55
B<< = G2
B<< 
W>> play B G2
W<< = 
W<< 
W>> genmove w
W<< = G7
W<< 
B>> play W G7
B<< = 
B<< 
B>> genmove b
B<< value = 65
B<< y = 7
B<< x = 2
B<< new value = 25
B<< = C8
B<< 
W>> play B C8
W<< = 
W<< 
W>> genmove w
W<< = J6
W<< 
B>> play W J6
B<< = 
B<< 
B>> genmove b
B<< value = 31
B<< y = 3
B<< x = 4
B<< new value = 39
B<< = E4
B<< 
W>> play B E4
W<< = 
W<< 
W>> genmove w
W<< = C3
W<< 
B>> play W C3
B<< = 
B<< 
B>> genmove b
B<< value = 2
B<< y = 0
B<< x = 2
B<< new value = 18
B<< = C1
B<< 
W>> play B C1
W<< = 
W<< 
W>> genmove w
W<< = J4
W<< 
B>> play W J4
B<< = 
B<< 
B>> genmove b
B<< value = 39
B<< y = 4
B<< x = 3
B<< new value = 31
B<< = D5
B<< 
W>> play B D5
W<< = 
W<< 
W>> genmove w
W<< = A5
W<< 
B>> play W A5
B<< = 
B<< 
B>> genmove b
B<< value = 19
B<< y = 2
B<< x = 1
B<< new value = 11
B<< = resign
B<< 
============================================
Game 6
============================================
B>> boardsize 9
B<< = 
B<< 
B>> clear_board
B<< = 
B<< 
W>> boardsize 9
W<< = 
W<< 
W>> clear_board
W<< = 
W<< 
B>> genmove b
B<< value = 40
B<< y = 4
B<< x = 4
B<< new value = 40
B<< = E5
B<< 
W>> play B E5
W<< = 
W<< 
W>> genmove w
W<< = J8
W<< 
B>> play W J8
B<< = 
B<< 
B>> genmove b
B<< value = 50
B<< y = 5
B<< x = 5
B<< new value = 50
B<< = F6
B<< 
W>> play B F6
W<< = 
W<< 
W>> genmove w
W<< = J1
W<< 
B>> play W J1
B<< = 
B<< 
B>> genmove b
B<< value = 32
B<< y = 3
B<< x = 5
B<< new value = 48
B<< = F4
B<< 
W>> play B F4
W<< = 
W<< 
W>> genmove w
W<< = D2
W<< 
B>> play W D2
B<< = 
B<< 
B>> genmove b
B<< value = 48
B<< y = 5
B<< x = 3
B<< new value = 32
B<< = D6
B<< 
W>> play B D6
W<< = 
W<< 
W>> genmove w
W<< = F3
W<< 
B>> play W F3
B<< = 
B<< 
B>> genmove b
B<< value = 30
B<< y = 3
B<< x = 3
B<< new value = 30
B<< = D4
B<< 
W>> play B D4
W<< = 
W<< 
W>> genmove w
W<< = A5
W<< 
B>> play W A5
B<< = 
B<< 
B>> genmove b
B<< value = 63
B<< y = 7
B<< x = 0
B<< new value = 7
B<< = A8
B<< 
W>> play B A8
W<< = 
W<< 
W>> genmove w
W<< = A1
W<< 
B>> play W A1
B<< = 
B<< 
B>> genmove b
B<< value = 73
B<< y = 8
B<< x = 1
B<< new value = 17
B<< = B9
B<< 
W>> play B B9
W<< = 
W<< 
W>> genmove w
W<< = F7
W<< 
B>> play W F7
B<< = 
B<< 
B>> genmove b
B<< value = 79
B<< y = 8
B<< x = 7
B<< new value = 71
B<< = H9
B<< 
W>> play B H9
W<< = 
W<< 
W>> genmove w
W<< = F9
W<< 
B>> play W F9
B<< = 
B<< 
B>> genmove b
B<< value = 61
B<< y = 6
B<< x = 7
B<< new value = 69
B<< = H7
B<< 
W>> play B H7
W<< = 
W<< 
W>> genmove w
W<< = C9
W<< 
B>> play W C9
B<< = 
B<< 
B>> genmove b
B<< value = 55
B<< y = 6
B<< x = 1
B<< new value = 15
B<< = B7
B<< 
W>> play B B7
W<< = 
W<< 
W>> genmove w
W<< = F1
W<< 
B>> play W F1
B<< = 
B<< 
B>> genmove b
B<< value = 69
B<< y = 7
B<< x = 6
B<< new value = 61
B<< = G8
B<< 
W>> play B G8
W<< = 
W<< 
W>> genmove w
W<< = B6
W<< 
B>> play W B6
B<< = 
B<< 
B>> genmove b
B<< value = 53
B<< y = 5
B<< x = 8
B<< new value = 77
B<< = J6
B<< 
W>> play B J6
W<< = 
W<< 
W>> genmove w
W<< = J4
W<< 
B>> play W J4
B<< = 
B<< 
B>> genmove b
B<< value = 34
B<< y = 3
B<< x = 7
B<< new value = 66
B<< = H4
B<< 
W>> play B H4
W<< = 
W<< 
W>> genmove w
W<< = H6
W<< 
B>> play W H6
B<< = 
B<< 
B>> genmove b
B<< value = 24
B<< y = 2
B<< x = 6
B<< new value = 56
B<< = G3
B<< 
W>> play B G3
W<< = 
W<< 
W>> genmove w
W<< = G2
W<< 
B>> play W G2
B<< = 
B<< 
B>> genmove b
B<< value = 66
B<< y = 7
B<< x = 3
B<< new value = 34
B<< = D8
B<< 
W>> play B D8
W<< = 
W<< 
W>> genmove w
W<< = C6
W<< 
B>> play W C6
B<< = 
B<< 
B>> genmove b
B<< value = 20
B<< y = 2
B<< x = 2
B<< new value = 20
B<< = C3
B<< 
W>> play B C3
W<< = 
W<< 
W>> genmove w
W<< = J9
W<< 
B>> play W J9
B<< = 
B<< 
B>> genmove b
B<< value = 28
B<< y = 3
B<< x = 1
B<< new value = 12
B<< = B4
B<< 
W>> play B B4
W<< = 
W<< 
W>> genmove w
W<< = B8
W<< 
B>> play W B8
B<< = 
B<< 
B>> genmove b
B<< value = 76
B<< y = 8
B<< x = 4
B<< new value = 44
B<< = E9
B<< 
W>> play B E9
W<< = 
W<< 
W>> genmove w
W<< = A7
W<< 
B>> play W A7
B<< = 
B<< 
B>> genmove b
B<< value = 3
B<< y = 0
B<< x = 3
B<< new value = 27
B<< = D1
B<< 
W>> play B D1
W<< = 
W<< 
W>> genmove w
W<< = D7
W<< 
B>> play W D7
B<< = 
B<< 
B>> genmove b
B<< value = 27
B<< y = 3
B<< x = 0
B<< new value = 3
B<< = A4
B<< 
W>> play B A4
W<< = 
W<< 
W>> genmove w
W<< = D3
W<< 
B>> play W D3
B<< = 
B<< 
B>> genmove b
B<< value = 26
B<< y = 2
B<< x = 8
B<< new value = 74
B<< = J3
B<< 
W>> play B J3
W<< = 
W<< 
W>> genmove w
W<< = B3
W<< 
B>> play W B3
B<< = 
B<< 
B>> genmove b
B<< value = 7
B<< y = 0
B<< x = 7
B<< new value = 63
B<< = H1
B<< 
W>> play B H1
W<< = 
W<< 
W>> genmove w
W<< = H3
W<< 
B>> play W H3
B<< = 
B<< 
B>> genmove b
B<< value = 9
B<< y = 1
B<< x = 0
B<< new value = 1
B<< = A2
B<< 
W>> play B A2
W<< = 
W<< 
W>> genmove w
W<< = G7
W<< 
B>> play W G7
B<< = 
B<< 
B>> genmove b
B<< value = 78
B<< y = 8
B<< x = 6
B<< new value = 62
B<< = G9
B<< 
W>> play B G9
W<< = 
W<< 
W>> genmove w
W<< = A3
W<< 
B>> play W A3
B<< = 
B<< 
B>> genmove b
B<< value = 2
B<< y = 0
B<< x = 2
B<< new value = 18
B<< = C1
B<< 
W>> play B C1
W<< = 
W<< 
W>> genmove w
W<< = C2
W<< 
B>> play W C2
B<< = 
B<< 
B>> genmove b
B<< value = 6
B<< y = 0
B<< x = 6
B<< new value = 54
B<< = G1
B<< 
W>> play B G1
W<< = 
W<< 
W>> genmove w
W<< = A6
W<< 
B>> play W A6
B<< = 
B<< 
B>> genmove b
B<< value = 62
B<< y = 6
B<< x = 8
B<< new value = 78
B<< = J7
B<< 
W>> play B J7
W<< = 
W<< 
W>> genmove w
W<< = F8
W<< 
B>> play W F8
B<< = 
B<< 
B>> genmove b
B<< value = 31
B<< y = 3
B<< x = 4
B<< new value = 39
B<< = E4
B<< 
W>> play B E4
W<< = 
W<< 
W>> genmove w
W<< = F2
W<< 
B>> play W F2
B<< = 
B<< 
B>> genmove b
B<< value = 41
B<< y = 4
B<< x = 5
B<< new value = 49
B<< = F5
B<< 
W>> play B F5
W<< = 
W<< 
W>> genmove w
W<< = C8
W<< 
B>> play W C8
B<< = 
B<< 
B>> genmove b
B<< value = 49
B<< y = 5
B<< x = 4
B<< new value = 41
B<< = E6
B<< 
W>> play B E6
W<< = 
W<< 
W>> genmove w
W<< = E1
W<< 
B>> play W E1
B<< = 
B<< 
B>> genmove b
B<< value = 33
B<< y = 3
B<< x = 6
B<< new value = 57
B<< = G4
B<< 
W>> play B G4
W<< = 
W<< 
W>> genmove w
W<< = resign
W<< 
============================================
Game 7
============================================
B>> boardsize 9
B<< = 
B<< 
B>> clear_board
B<< = 
B<< 
W>> boardsize 9
W<< = 
W<< 
W>> clear_board
W<< = 
W<< 
B>> genmove b
B<< value = 40
B<< y = 4
B<< x = 4
B<< new value = 40
B<< = E5
B<< 
W>> play B E5
W<< = 
W<< 
W>> genmove w
W<< = A9
W<< 
B>> play W A9
B<< = 
B<< 
B>> genmove b
B<< value = 32
B<< y = 3
B<< x = 5
B<< new value = 48
B<< = F4
B<< 
W>> play B F4
W<< = 
W<< 
W>> genmove w
W<< = J5
W<< 
B>> play W J5
B<< = 
B<< 
B>> genmove b
B<< value = 48
B<< y = 5
B<< x = 3
B<< new value = 32
B<< = D6
B<< 
W>> play B D6
W<< = 
W<< 
W>> genmove w
W<< = C1
W<< 
B>> play W C1
B<< = 
B<< 
B>> genmove b
B<< value = 9
B<< y = 1
B<< x = 0
B<< new value = 1
B<< = A2
B<< 
W>> play B A2
W<< = 
W<< 
W>> genmove w
W<< = C6
W<< 
B>> play W C6
B<< = 
B<< 
B>> genmove b
B<< value = 30
B<< y = 3
B<< x = 3
B<< new value = 30
B<< = D4
B<< 
W>> play B D4
W<< = 
W<< 
W>> genmove w
W<< = F5
W<< 
B>> play W F5
B<< = 
B<< 
B>> genmove b
B<< value = 19
B<< y = 2
B<< x = 1
B<< new value = 11
B<< = B3
B<< 
W>> play B B3
W<< = 
W<< 
W>> genmove w
W<< = A4
W<< 
B>> play W A4
B<< = 
B<< 
B>> genmove b
B<< value = 71
B<< y = 7
B<< x = 8
B<< new value = 79
B<< = J8
B<< 
W>> play B J8
W<< = 
W<< 
W>> genmove w
W<< = H9
W<< 
B>> play W H9
B<< = 
B<< 
B>> genmove b
B<< value = 1
B<< y = 0
B<< x = 1
B<< new value = 9
B<< = B1
B<< 
W>> play B B1
W<< = 
W<< 
W>> genmove w
W<< = H1
W<< 
B>> play W H1
B<< = 
B<< 
B>> genmove b
B<< value = 17
B<< y = 1
B<< x = 8
B<< new value = 73
B<< = J2
B<< 
W>> play B J2
W<< = 
W<< 
W>> genmove w
W<< = B2
W<< 
B>> play W B2
B<< = 
B<< 
B>> genmove b
B<< value = 61
B<< y = 6
B<< x = 7
B<< new value = 69
B<< = H7
B<< 
W>> play B H7
W<< = 
W<< 
W>> genmove w
W<< = D8
W<< 
B>> play W D8
B<< = 
B<< 
B>> genmove b
B<< value = 69
B<< y = 7
B<< x = 6
B<< new value = 61
B<< = G8
B<< 
W>> play B G8
W<< = 
W<< 
W>> genmove w
W<< = A6
W<< 
B>> play W A6
B<< = 
B<< 
B>> genmove b
B<< value = 59
B<< y = 6
B<< x = 5
B<< new value = 51
B<< = F7
B<< 
W>> play B F7
W<< = 
W<< 
W>> genmove w
W<< = F8
W<< 
B>> play W F8
B<< = 
B<< 
B>> genmove b
B<< value = 51
B<< y = 5
B<< x = 6
B<< new value = 59
B<< = G6
B<< 
W>> play B G6
W<< = 
W<< 
W>> genmove w
W<< = C4
W<< 
B>> play W C4
B<< = 
B<< 
B>> genmove b
B<< value = 53
B<< y = 5
B<< x = 8
B<< new value = 77
B<< = J6
B<< 
W>> play B J6
W<< = 
W<< 
W>> genmove w
W<< = A3
W<< 
B>> play W A3
B<< = 
B<< 
B>> genmove b
B<< value = 25
B<< y = 2
B<< x = 7
B<< new value = 65
B<< = H3
B<< 
W>> play B H3
W<< = 
W<< 
W>> genmove w
W<< = G3
W<< 
B>> play W G3
B<< = 
B<< 
B>> genmove b
B<< value = 14
B<< y = 1
B<< x = 5
B<< new value = 46
B<< = F2
B<< 
W>> play B F2
W<< = 
W<< 
W>> genmove w
W<< = F1
W<< 
B>> play W F1
B<< = 
B<< 
B>> genmove b
B<< value = 12
B<< y = 1
B<< x = 3
B<< new value = 28
B<< = D2
B<< 
W>> play B D2
W<< = 
W<< 
W>> genmove w
W<< = B7
W<< 
B>> play W B7
B<< = 
B<< 
B>> genmove b
B<< value = 6
B<< y = 0
B<< x = 6
B<< new value = 54
B<< = G1
B<< 
W>> play B G1
W<< = 
W<< 
W>> genmove w
W<< = H8
W<< 
B>> play W H8
B<< = 
B<< 
B>> genmove b
B<< value = 34
B<< y = 3
B<< x = 7
B<< new value = 66
B<< = H4
B<< 
W>> play B H4
W<< = 
W<< 
W>> genmove w
W<< = C3
W<< 
B>> play W C3
B<< = 
B<< 
B>> genmove b
B<< value = 3
B<< y = 0
B<< x = 3
B<< new value = 27
B<< = D1
B<< 
W>> play B D1
W<< = 
W<< 
W>> genmove w
W<< = B8
W<< 
B>> play W B8
B<< = 
B<< 
B>> genmove b
B<< value = 16
B<< y = 1
B<< x = 7
B<< new value = 64
B<< = H2
B<< 
W>> play B H2
W<< = 
W<< 
W>> genmove w
W<< = C9
W<< 
B>> play W C9
B<< = 
B<< 
B>> genmove b
B<< value = 63
B<< y = 7
B<< x = 0
B<< new value = 7
B<< = A8
B<< 
W>> play B A8
W<< = 
W<< 
W>> genmove w
W<< = E9
W<< 
B>> play W E9
B<< = 
B<< 
B>> genmove b
B<< value = 65
B<< y = 7
B<< x = 2
B<< new value = 25
B<< = C8
B<< 
W>> play B C8
W<< = 
W<< 
W>> genmove w
W<< = J9
W<< 
B>> play W J9
B<< = 
B<< 
B>> genmove b
B<< value = 56
B<< y = 6
B<< x = 2
B<< new value = 24
B<< = C7
B<< 
W>> play B C7
W<< = 
W<< 
W>> genmove w
W<< = F6
W<< 
B>> play W F6
B<< = 
B<< 
B>> genmove b
B<< value = 26
B<< y = 2
B<< x = 8
B<< new value = 74
B<< = J3
B<< 
W>> play B J3
W<< = 
W<< 
W>> genmove w
W<< = D3
W<< 
B>> play W D3
B<< = 
B<< 
B>> genmove b
B<< value = 33
B<< y = 3
B<< x = 6
B<< new value = 57
B<< = G4
B<< 
W>> play B G4
W<< = 
W<< 
W>> genmove w
W<< = F3
W<< 
B>> play W F3
B<< = 
B<< 
B>> genmove b
B<< value = 60
B<< y = 6
B<< x = 6
B<< new value = 60
B<< = G7
B<< 
W>> play B G7
W<< = 
W<< 
W>> genmove w
W<< = A5
W<< 
B>> play W A5
B<< = 
B<< 
B>> genmove b
B<< value = 39
B<< y = 4
B<< x = 3
B<< new value = 31
B<< = D5
B<< 
W>> play B D5
W<< = 
W<< 
W>> genmove w
W<< = F9
W<< 
B>> play W F9
B<< = 
B<< 
B>> genmove b
B<< value = 57
B<< y = 6
B<< x = 3
B<< new value = 33
B<< = D7
B<< 
W>> play B D7
W<< = 
W<< 
W>> genmove w
W<< = C2
W<< 
B>> play W C2
B<< = 
B<< 
B>> genmove b
B<< value = 31
B<< y = 3
B<< x = 4
B<< new value = 39
B<< = E4
B<< 
W>> play B E4
W<< = 
W<< 
W>> genmove w
W<< = B9
W<< 
B>> play W B9
B<< = 
B<< 
B>> genmove b
B<< value = 62
B<< y = 6
B<< x = 8
B<< new value = 78
B<< = J7
B<< 
W>> play B J7
W<< = 
W<< 
W>> genmove w
W<< = B6
W<< 
B>> play W B6
B<< = 
B<< 
B>> genmove b
B<< value = 52
B<< y = 5
B<< x = 7
B<< new value = 68
B<< = H6
B<< 
W>> play B H6
W<< = 
W<< 
W>> genmove w
W<< = D9
W<< 
B>> play W D9
B<< = 
B<< 
B>> genmove b
B<< value = 65
B<< y = 7
B<< x = 2
B<< new value = 25
B<< = resign
B<< 
============================================
Game 8
============================================
B>> boardsize 9
B<< = 
B<< 
B>> clear_board
B<< = 
B<< 
W>> boardsize 9
W<< = 
W<< 
W>> clear_board
W<< = 
W<< 
B>> genmove b
B<< value = 40
B<< y = 4
B<< x = 4
B<< new value = 40
B<< = E5
B<< 
W>> play B E5
W<< = 
W<< 
W>> genmove w
W<< = J6
W<< 
B>> play W J6
B<< = 
B<< 
B>> genmove b
B<< value = 48
B<< y = 5
B<< x = 3
B<< new value = 32
B<< = D6
B<< 
W>> play B D6
W<< = 
W<< 
W>> genmove w
W<< = C4
W<< 
B>> play W C4
B<< = 
B<< 
B>> genmove b
B<< value = 32
B<< y = 3
B<< x = 5
B<< new value = 48
B<< = F4
B<< 
W>> play B F4
W<< = 
W<< 
W>> genmove w
W<< = C9
W<< 
B>> play W C9
B<< = 
B<< 
B>> genmove b
B<< value = 50
B<< y = 5
B<< x = 5
B<< new value = 50
B<< = F6
B<< 
W>> play B F6
W<< = 
W<< 
W>> genmove w
W<< = D5
W<< 
B>> play W D5
B<< = 
B<< 
B>> genmove b
B<< value = 63
B<< y = 7
B<< x = 0
B<< new value = 7
B<< = A8
B<< 
W>> play B A8
W<< = 
W<< 
W>> genmove w
W<< = F1
W<< 
B>> play W F1
B<< = 
B<< 
B>> genmove b
B<< value = 55
B<< y = 6
B<< x = 1
B<< new value = 15
B<< = B7
B<< 
W>> play B B7
W<< = 
W<< 
W>> genmove w
W<< = H4
W<< 
B>> play W H4
B<< = 
B<< 
B>> genmove b
B<< value = 71
B<< y = 7
B<< x = 8
B<< new value = 79
B<< = J8
B<< 
W>> play B J8
W<< = 
W<< 
W>> genmove w
W<< = A4
W<< 
B>> play W A4
B<< = 
B<< 
B>> genmove b
B<< value = 45
B<< y = 5
B<< x = 0
B<< new value = 5
B<< = A6
B<< 
W>> play B A6
W<< = 
W<< 
W>> genmove w
W<< = C6
W<< 
B>> play W C6
B<< = 
B<< 
B>> genmove b
B<< value = 73
B<< y = 8
B<< x = 1
B<< new value = 17
B<< = B9
B<< 
W>> play B B9
W<< = 
W<< 
W>> genmove w
W<< = D7
W<< 
B>> play W D7
B<< = 
B<< 
B>> genmove b
B<< value = 9
B<< y = 1
B<< x = 0
B<< new value = 1
B<< = A2
B<< 
W>> play B A2
W<< = 
W<< 
W>> genmove w
W<< = G9
W<< 
B>> play W G9
B<< = 
B<< 
B>> genmove b
B<< value = 1
B<< y = 0
B<< x = 1
B<< new value = 9
B<< = B1
B<< 
W>> play B B1
W<< = 
W<< 
W>> genmove w
W<< = F8
W<< 
B>> play W F8
B<< = 
B<< 
B>> genmove b
B<< value = 11
B<< y = 1
B<< x = 2
B<< new value = 19
B<< = C2
B<< 
W>> play B C2
W<< = 
W<< 
W>> genmove w
W<< = D1
W<< 
B>> play W D1
B<< = 
B<< 
B>> genmove b
B<< value = 19
B<< y = 2
B<< x = 1
B<< new value = 11
B<< = B3
B<< 
W>> play B B3
W<< = 
W<< 
W>> genmove w
W<< = G2
W<< 
B>> play W G2
B<< = 
B<< 
B>> genmove b
B<< value = 14
B<< y = 1
B<< x = 5
B<< new value = 46
B<< = F2
B<< 
W>> play B F2
W<< = 
W<< 
W>> genmove w
W<< = J9
W<< 
B>> play W J9
B<< = 
B<< 
B>> genmove b
B<< value = 61
B<< y = 6
B<< x = 7
B<< new value = 69
B<< = H7
B<< 
W>> play B H7
W<< = 
W<< 
W>> genmove w
W<< = D9
W<< 
B>> play W D9
B<< = 
B<< 
B>> genmove b
B<< value = 21
B<< y = 2
B<< x = 3
B<< new value = 29
B<< = D3
B<< 
W>> play B D3
W<< = 
W<< 
W>> genmove w
W<< = H1
W<< 
B>> play W H1
B<< = 
B<< 
B>> genmove b
B<< value = 17
B<< y = 1
B<< x = 8
B<< new value = 73
B<< = J2
B<< 
W>> play B J2
W<< = 
W<< 
W>> genmove w
W<< = B8
W<< 
B>> play W B8
B<< = 
B<< 
B>> genmove b
B<< value = 52
B<< y = 5
B<< x = 7
B<< new value = 68
B<< = H6
B<< 
W>> play B H6
W<< = 
W<< 
W>> genmove w
W<< = B6
W<< 
B>> play W B6
B<< = 
B<< 
B>> genmove b
B<< value = 24
B<< y = 2
B<< x = 6
B<< new value = 56
B<< = G3
B<< 
W>> play B G3
W<< = 
W<< 
W>> genmove w
W<< = G6
W<< 
B>> play W G6
B<< = 
B<< 
B>> genmove b
B<< value = 35
B<< y = 3
B<< x = 8
B<< new value = 75
B<< = J4
B<< 
W>> play B J4
W<< = 
W<< 
W>> genmove w
W<< = E9
W<< 
B>> play W E9
B<< = 
B<< 
B>> genmove b
B<< value = 16
B<< y = 1
B<< x = 7
B<< new value = 64
B<< = H2
B<< 
W>> play B H2
W<< = 
W<< 
W>> genmove w
W<< = H3
W<< 
B>> play W H3
B<< = 
B<< 
B>> genmove b
B<< value = 69
B<< y = 7
B<< x = 6
B<< new value = 61
B<< = G8
B<< 
W>> play B G8
W<< = 
W<< 
W>> genmove w
W<< = J3
W<< 
B>> play W J3
B<< = 
B<< 
B>> genmove b
B<< value = 66
B<< y = 7
B<< x = 3
B<< new value = 34
B<< = D8
B<< 
W>> play B D8
W<< = 
W<< 
W>> genmove w
W<< = A5
W<< 
B>> play W A5
B<< = 
B<< 
B>> genmove b
B<< value = 62
B<< y = 6
B<< x = 8
B<< new value = 78
B<< = J7
B<< 
W>> play B J7
W<< = 
W<< 
W>> genmove w
W<< = A3
W<< 
B>> play W A3
B<< = 
B<< 
B>> genmove b
B<< value = 59
B<< y = 6
B<< x = 5
B<< new value = 51
B<< = F7
B<< 
W>> play B F7
W<< = 
W<< 
W>> genmove w
W<< = C1
W<< 
B>> play W C1
B<< = 
B<< 
B>> genmove b
B<< value = 31
B<< y = 3
B<< x = 4
B<< new value = 39
B<< = E4
B<< 
W>> play B E4
W<< = 
W<< 
W>> genmove w
W<< = H8
W<< 
B>> play W H8
B<< = 
B<< 
B>> genmove b
B<< value = 12
B<< y = 1
B<< x = 3
B<< new value = 28
B<< = D2
B<< 
W>> play B D2
W<< = 
W<< 
W>> genmove w
W<< = C3
W<< 
B>> play W C3
B<< = 
B<< 
B>> genmove b
B<< value = 0
B<< y = 0
B<< x = 0
B<< new value = 0
B<< = A1
B<< 
W>> play B A1
W<< = 
W<< 
W>> genmove w
W<< = C7
W<< 
B>> play W C7
B<< = 
B<< 
B>> genmove b
B<< value = 10
B<< y = 1
B<< x = 1
B<< new value = 10
B<< = B2
B<< 
W>> play B B2
W<< = 
W<< 
W>> genmove w
W<< = B4
W<< 
B>> play W B4
B<< = 
B<< 
B>> genmove b
B<< value = 54
B<< y = 6
B<< x = 0
B<< new value = 6
B<< = A7
B<< 
W>> play B A7
W<< = 
W<< 
W>> genmove w
W<< = G1
W<< 
B>> play W G1
B<< = 
B<< 
B>> genmove b
B<< value = 41
B<< y = 4
B<< x = 5
B<< new value = 49
B<< = F5
B<< 
W>> play B F5
W<< = 
W<< 
W>> genmove w
W<< = F9
W<< 
B>> play W F9
B<< = 
B<< 
B>> genmove b
B<< value = 23
B<< y = 2
B<< x = 5
B<< new value = 47
B<< = F3
B<< 
W>> play B F3
W<< = 
W<< 
W>> genmove w
W<< = H9
W<< 
B>> play W H9
B<< = 
B<< 
B>> genmove b
B<< value = 49
B<< y = 5
B<< x = 4
B<< new value = 41
B<< = E6
B<< 
W>> play B E6
W<< = 
W<< 
W>> genmove w
W<< = E1
W<< 
B>> play W E1
B<< = 
B<< 
B>> genmove b
B<< value = 57
B<< y = 6
B<< x = 3
B<< new value = 33
B<< = resign
B<< 
============================================
Game 9
============================================
B>> boardsize 9
B<< = 
B<< 
B>> clear_board
B<< = 
B<< 
W>> boardsize 9
W<< = 
W<< 
W>> clear_board
W<< = 
W<< 
B>> genmove b
B<< value = 40
B<< y = 4
B<< x = 4
B<< new value = 40
B<< = E5
B<< 
W>> play B E5
W<< = 
W<< 
W>> genmove w
W<< = G6
W<< 
B>> play W G6
B<< = 
B<< 
B>> genmove b
B<< value = 48
B<< y = 5
B<< x = 3
B<< new value = 32
B<< = D6
B<< 
W>> play B D6
W<< = 
W<< 
W>> genmove w
W<< = G3
W<< 
B>> play W G3
B<< = 
B<< 
B>> genmove b
B<< value = 30
B<< y = 3
B<< x = 3
B<< new value = 30
B<< = D4
B<< 
W>> play B D4
W<< = 
W<< 
W>> genmove w
W<< = D9
W<< 
B>> play W D9
B<< = 
B<< 
B>> genmove b
B<< value = 32
B<< y = 3
B<< x = 5
B<< new value = 48
B<< = F4
B<< 
W>> play B F4
W<< = 
W<< 
W>> genmove w
W<< = A6
W<< 
B>> play W A6
B<< = 
B<< 
B>> genmove b
B<< value = 50
B<< y = 5
B<< x = 5
B<< new value = 50
B<< = F6
B<< 
W>> play B F6
W<< = 
W<< 
W>> genmove w
W<< = H9
W<< 
B>> play W H9
B<< = 
B<< 
B>> genmove b
B<< value = 73
B<< y = 8
B<< x = 1
B<< new value = 17
B<< = B9
B<< 
W>> play B B9
W<< = 
W<< 
W>> genmove w
W<< = C4
W<< 
B>> play W C4
B<< = 
B<< 
B>> genmove b
B<< value = 63
B<< y = 7
B<< x = 0
B<< new value = 7
B<< = A8
B<< 
W>> play B A8
W<< = 
W<< 
W>> genmove w
W<< = D3
W<< 
B>> play W D3
B<< = 
B<< 
B>> genmove b
B<< value = 71
B<< y = 7
B<< x = 8
B<< new value = 79
B<< = J8
B<< 
W>> play B J8
W<< = 
W<< 
W>> genmove w
W<< = F7
W<< 
B>> play W F7
B<< = 
B<< 
B>> genmove b
B<< value = 61
B<< y = 6
B<< x = 7
B<< new value = 69
B<< = H7
B<< 
W>> play B H7
W<< = 
W<< 
W>> genmove w
W<< = C6
W<< 
B>> play W C6
B<< = 
B<< 
B>> genmove b
B<< value = 69
B<< y = 7
B<< x = 6
B<< new value = 61
B<< = G8
B<< 
W>> play B G8
W<< = 
W<< 
W>> genmove w
W<< = J7
W<< 
B>> play W J7
B<< = 
B<< 
B>> genmove b
B<< value = 77
B<< y = 8
B<< x = 5
B<< new value = 53
B<< = F9
B<< 
W>> play B F9
W<< = 
W<< 
W>> genmove w
W<< = A1
W<< 
B>> play W A1
B<< = 
B<< 
B>> genmove b
B<< value = 65
B<< y = 7
B<< x = 2
B<< new value = 25
B<< = C8
B<< 
W>> play B C8
W<< = 
W<< 
W>> genmove w
W<< = B8
W<< 
B>> play W B8
B<< = 
B<< 
B>> genmove b
B<< value = 66
B<< y = 7
B<< x = 3
B<< new value = 34
B<< = D8
B<< 
W>> play B D8
W<< = 
W<< 
W>> genmove w
W<< = D7
W<< 
B>> play W D7
B<< = 
B<< 
B>> genmove b
B<< value = 34
B<< y = 3
B<< x = 7
B<< new value = 66
B<< = H4
B<< 
W>> play B H4
W<< = 
W<< 
W>> genmove w
W<< = G4
W<< 
B>> play W G4
B<< = 
B<< 
B>> genmove b
B<< value = 28
B<< y = 3
B<< x = 1
B<< new value = 12
B<< = B4
B<< 
W>> play B B4
W<< = 
W<< 
W>> genmove w
W<< = J4
W<< 
B>> play W J4
B<< = 
B<< 
B>> genmove b
B<< value = 46
B<< y = 5
B<< x = 1
B<< new value = 14
B<< = B6
B<< 
W>> play B B6
W<< = 
W<< 
W>> genmove w
W<< = F3
W<< 
B>> play W F3
B<< = 
B<< 
B>> genmove b
B<< value = 54
B<< y = 6
B<< x = 0
B<< new value = 6
B<< = A7
B<< 
W>> play B A7
W<< = 
W<< 
W>> genmove w
W<< = E1
W<< 
B>> play W E1
B<< = 
B<< 
B>> genmove b
B<< value = 7
B<< y = 0
B<< x = 7
B<< new value = 63
B<< = H1
B<< 
W>> play B H1
W<< = 
W<< 
W>> genmove w
W<< = J1
W<< 
B>> play W J1
B<< = 
B<< 
B>> genmove b
B<< value = 74
B<< y = 8
B<< x = 2
B<< new value = 26
B<< = C9
B<< 
W>> play B C9
W<< = 
W<< 
W>> genmove w
W<< = D2
W<< 
B>> play W D2
B<< = 
B<< 
B>> genmove b
B<< value = 72
B<< y = 8
B<< x = 0
B<< new value = 8
B<< = A9
B<< 
W>> play B A9
W<< = 
W<< 
W>> genmove w
W<< = A5
W<< 
B>> play W A5
B<< = 
B<< 
B>> genmove b
B<< value = 18
B<< y = 2
B<< x = 0
B<< new value = 2
B<< = A3
B<< 
W>> play B A3
W<< = 
W<< 
W>> genmove w
W<< = B2
W<< 
B>> play W B2
B<< = 
B<< 
B>> genmove b
B<< value = 1
B<< y = 0
B<< x = 1
B<< new value = 9
B<< = B1
B<< 
W>> play B B1
W<< = 
W<< 
W>> genmove w
W<< = F2
W<< 
B>> play W F2
B<< = 
B<< 
B>> genmove b
B<< value = 11
B<< y = 1
B<< x = 2
B<< new value = 19
B<< = C2
B<< 
W>> play B C2
W<< = 
W<< 
W>> genmove w
W<< = H6
W<< 
B>> play W H6
B<< = 
B<< 
B>> genmove b
B<< value = 3
B<< y = 0
B<< x = 3
B<< new value = 27
B<< = D1
B<< 
W>> play B D1
W<< = 
W<< 
W>> genmove w
W<< = C3
W<< 
B>> play W C3
B<< = 
B<< 
B>> genmove b
B<< value = 26
B<< y = 2
B<< x = 8
B<< new value = 74
B<< = J3
B<< 
W>> play B J3
W<< = 
W<< 
W>> genmove w
W<< = J2
W<< 
B>> play W J2
B<< = 
B<< 
B>> genmove b
B<< value = 6
B<< y = 0
B<< x = 6
B<< new value = 54
B<< = G1
B<< 
W>> play B G1
W<< = 
W<< 
W>> genmove w
W<< = G2
W<< 
B>> play W G2
B<< = 
B<< 
B>> genmove b
B<< value = 70
B<< y = 7
B<< x = 7
B<< new value = 70
B<< = H8
B<< 
W>> play B H8
W<< = 
W<< 
W>> genmove w
W<< = F8
W<< 
B>> play W F8
B<< = 
B<< 
B>> genmove b
B<< value = 78
B<< y = 8
B<< x = 6
B<< new value = 62
B<< = G9
B<< 
W>> play B G9
W<< = 
W<< 
W>> genmove w
W<< = H2
W<< 
B>> play W H2
B<< = 
B<< 
B>> genmove b
B<< value = 49
B<< y = 5
B<< x = 4
B<< new value = 41
B<< = E6
B<< 
W>> play B E6
W<< = 
W<< 
W>> genmove w
W<< = J6
W<< 
B>> play W J6
B<< = 
B<< 
B>> genmove b
B<< value = 41
B<< y = 4
B<< x = 5
B<< new value = 49
B<< = F5
B<< 
W>> play B F5
W<< = 
W<< 
W>> genmove w
W<< = J5
W<< 
B>> play W J5
B<< = 
B<< 
B>> genmove b
B<< value = 39
B<< y = 4
B<< x = 3
B<< new value = 31
B<< = D5
B<< 
W>> play B D5
W<< = 
W<< 
W>> genmove w
W<< = A2
W<< 
B>> play W A2
B<< = 
B<< 
B>> genmove b
B<< value = 56
B<< y = 6
B<< x = 2
B<< new value = 24
B<< = resign
B<< 
B>> quit
W>> quit
